2017年12月27日 星期三
1.为db.efan增加code字段，并与db.leaf.code绑定成abc关系
2.增加leaf_su8对风机列表显示的支持
3.wood查询winder列表的增加了gps信息

2018年1月16日星期二
1.leaf_map基本完成，余保存功能
2.leaf_su8基本完成，余a.风场主管、驻场人员没显示在表单上，b.弹出窗口的按钮需要调整 c.保存功能(导入功能界面需要讨论，导入格式需要讨论)

2018年1月24日
1.今天做user2整整一天，完成了用户编辑的新界面大部分工作，余修改密码、所在单位未完成。
2.明天打算弄风场主管。

2018年1月25日
1.做风场主管时，发现需要用户信息，辗转需要更改登录，又考虑把一些固定数组值在数据库直接存字符串的方式改为数据，总之改了一堆，却说不出总的进展在哪里。
2.明天计划把以上登录、数组等内容改好，最好再把风场主管的内容改一部分。

2018年1月26日
1.登录index.html已改好，但frame碰到对用户支持问题，正在修改中。未能完成昨天想像的进度。
2.明天计划上午把frame和数据库更新好，下午改风场主管。

2018年1月27日
1.基本完成对frame、数据库更新等工作，也把风场主管的地图模块编写完成，但还没有调试。
2.上午碰到python对象转json的问题，现有的两种方法都是仅支持字典与数组，不支持普通对象，无奈自己写了，弄了一上午。
3.实在受不了frame中的各种令人头晕的boost和app框架的class，决心明天把它改掉！
4.明天改写frame,完成风场主管地图的调试，尽量再做点别的比如人员管理。